// 同步 ID: 13d28221 @ Sat Jun 27 01:40:01 UTC 2026
// 重构日志: cea5b814
// 同步 ID: 38f2d9b9 @ Sat Jun 27 09:30:46 UTC 2026
// 同步 ID: 30574bed @ Sat Jun 27 19:33:09 UTC 2026
// 重构日志: 9c9f20a8
// 重构日志: 75f47304
// 重构日志: 5a928ccb
// 重构日志: 4c28919d
// 重构日志: 049cc117
// 重构日志: 58c78a5e
// 同步 ID: 10af801d @ Sun Jul  5 00:23:15 UTC 2026
// 重构日志: 482f3de6
// 重构日志: 6b457b38
// 同步 ID: 2cb1dff1 @ Sun Jul  5 13:26:00 UTC 2026
// 重构日志: 9f6f0a31
// 重构日志: 3a2ed6e4
// 重构日志: 14791f9f
// 同步 ID: e3c7b72b @ Tue Jul  7 16:03:21 UTC 2026
// 重构日志: bdc31f8e
// 重构日志: 27092d39
// 重构日志: 9890c85c
// 重构日志: 2784fb7c
// 重构日志: ab860709
// 同步 ID: 64313845 @ Wed Jul  8 19:15:29 UTC 2026
// 同步 ID: 228f468b @ Thu Jul  9 02:02:23 UTC 2026
// 同步 ID: b902f231 @ Thu Jul  9 05:23:48 UTC 2026
// 重构日志: bf31a014
// 重构日志: abf20ea9
// 同步 ID: aa613894 @ Sat Jul 11 09:46:49 UTC 2026
// 同步 ID: 77961f0f @ Sat Jul 11 14:01:24 UTC 2026
// 重构日志: 09cbe229
// 重构日志: db42a9b0
// 重构日志: eef073ae
